Build started 3/21/2014 4:05:00 PM.
     1>Project "C:\Users\DarkstaR\Documents\Visual Studio 2010\Projects\signal\signal\signal.vcxproj" on node 2 (build target(s)).
     1>InitializeBuildStatus:
         Creating "Debug\signal.unsuccessfulbuild" because "AlwaysCreate" was specified.
       ClCompile:
         C:\Program Files (x86)\Microsoft Visual Studio 10.0\VC\bin\CL.exe /c /ZI /nologo /W3 /WX- /Od /Oy- /D _MBCS /Gm /EHsc /RTC1 /MDd /GS /fp:precise /Zc:wchar_t /Zc:forScope /Fo"Debug\\" /Fd"Debug\vc100.pdb" /Gd /TP /analyze- /errorReport:prompt AST.cpp Compiler.cpp Parser.cpp main.cpp
         AST.cpp
     1>c:\users\darkstar\documents\visual studio 2010\projects\signal\signal\ast.h(963): warning C4244: 'argument' : conversion from 'Signal::double_t' to 'const unsigned int', possible loss of data
     1>c:\users\darkstar\documents\visual studio 2010\projects\signal\signal\ast.h(965): warning C4244: 'argument' : conversion from 'Signal::double_t' to 'unsigned int', possible loss of data
         Generating Code...
         Compiling...
         Parser.cpp
     1>c:\users\darkstar\documents\visual studio 2010\projects\signal\signal\ast.h(963): warning C4244: 'argument' : conversion from 'Signal::double_t' to 'const unsigned int', possible loss of data
     1>c:\users\darkstar\documents\visual studio 2010\projects\signal\signal\ast.h(965): warning C4244: 'argument' : conversion from 'Signal::double_t' to 'unsigned int', possible loss of data
         Generating Code...
         Skipping... (no relevant changes detected)
         main.cpp
         Compiler.cpp
       Link:
         C:\Program Files (x86)\Microsoft Visual Studio 10.0\VC\bin\link.exe /ERRORREPORT:PROMPT /OUT:"C:\Users\DarkstaR\Documents\Visual Studio 2010\Projects\signal\Debug\signal.exe" /NOLOGO kernel32.lib user32.lib gdi32.lib winspool.lib comdlg32.lib advapi32.lib shell32.lib ole32.lib oleaut32.lib uuid.lib odbc32.lib odbccp32.lib /MANIFEST /ManifestFile:"Debug\signal.exe.intermediate.manifest" /MANIFESTUAC:"level='asInvoker' uiAccess='false'" /DEBUG /PDB:"C:\Users\DarkstaR\Documents\Visual Studio 2010\Projects\signal\Debug\signal.pdb" /TLBID:1 /DYNAMICBASE /NXCOMPAT /IMPLIB:"C:\Users\DarkstaR\Documents\Visual Studio 2010\Projects\signal\Debug\signal.lib" /MACHINE:X86 Debug\AST.obj
         Debug\Compiler.obj
         Debug\Enviroment.obj
         Debug\Error.obj
         Debug\FileInput.obj
         Debug\Interpreter.obj
         Debug\Lexer.obj
         Debug\main.obj
         Debug\Object.obj
         Debug\Parser.obj
         Debug\Scope.obj
         Debug\Token.obj
         Debug\utils.obj
         LINK : C:\Users\DarkstaR\Documents\Visual Studio 2010\Projects\signal\Debug\signal.exe not found or not built by the last incremental link; performing full link
         signal.vcxproj -> C:\Users\DarkstaR\Documents\Visual Studio 2010\Projects\signal\Debug\signal.exe
       Manifest:
         C:\Program Files (x86)\Microsoft SDKs\Windows\v7.0A\bin\mt.exe /nologo /verbose /outputresource:"C:\Users\DarkstaR\Documents\Visual Studio 2010\Projects\signal\Debug\signal.exe;#1" /manifest Debug\signal.exe.intermediate.manifest
       FinalizeBuildStatus:
         Deleting file "Debug\signal.unsuccessfulbuild".
         Touching "Debug\signal.lastbuildstate".
     1>Done Building Project "C:\Users\DarkstaR\Documents\Visual Studio 2010\Projects\signal\signal\signal.vcxproj" (build target(s)).

Build succeeded.

Time Elapsed 00:00:02.53
